<?xml version="1.0" encoding="UTF-8"?>
<!-- Generated by org.testng.reporters.JUnitXMLReporter -->
<testsuite ignored="0" hostname="DESKTOP-742OOCL" failures="0" tests="3" name="Default test" time="55.796" errors="0" timestamp="2026-04-07T12:50:39 IST">
  <testcase classname="midbrainacademy_test5.Scenario5" name="testEmptyFormValidation" time="11.925"/>
  <testcase classname="midbrainacademy_test5.Scenario5" name="testInvalidEmailValidation" time="13.338"/>
  <testcase classname="midbrainacademy_test5.Scenario5" name="testInvalidPhoneValidation" time="13.514"/>
</testsuite> <!-- Default test -->
