<?xml version="1.0" encoding="UTF-8"?>
<testng-results ignored="0" total="3" passed="3" failed="0" skipped="0">
  <reporter-output>
  </reporter-output>
  <suite started-at="2026-04-07T12:49:43 IST" name="Default suite" finished-at="2026-04-07T12:50:39 IST" duration-ms="55796">
    <groups>
    </groups>
    <test started-at="2026-04-07T12:49:43 IST" name="Default test" finished-at="2026-04-07T12:50:39 IST" duration-ms="55796">
      <class name="midbrainacademy_test5.Scenario5">
        <test-method is-config="true" signature="setup()[pri:0, instance:midbrainacademy_test5.Scenario5@1623b78d]" started-at="2026-04-07T12:49:43 IST" name="setup" finished-at="2026-04-07T12:49:49 IST" duration-ms="5664" status="PASS">
          <reporter-output>
          </reporter-output>
        </test-method> <!-- setup -->
        <test-method signature="testEmptyFormValidation()[pri:1, instance:midbrainacademy_test5.Scenario5@1623b78d]" started-at="2026-04-07T12:49:49 IST" name="testEmptyFormValidation" finished-at="2026-04-07T12:50:01 IST" duration-ms="11925" status="PASS">
          <reporter-output>
          </reporter-output>
        </test-method> <!-- testEmptyFormValidation -->
        <test-method is-config="true" signature="tearDown()[pri:0, instance:midbrainacademy_test5.Scenario5@1623b78d]" started-at="2026-04-07T12:50:01 IST" name="tearDown" finished-at="2026-04-07T12:50:01 IST" duration-ms="323" status="PASS">
          <reporter-output>
          </reporter-output>
        </test-method> <!-- tearDown -->
        <test-method is-config="true" signature="setup()[pri:0, instance:midbrainacademy_test5.Scenario5@1623b78d]" started-at="2026-04-07T12:50:01 IST" name="setup" finished-at="2026-04-07T12:50:08 IST" duration-ms="6497" status="PASS">
          <reporter-output>
          </reporter-output>
        </test-method> <!-- setup -->
        <test-method signature="testInvalidEmailValidation()[pri:2, instance:midbrainacademy_test5.Scenario5@1623b78d]" started-at="2026-04-07T12:50:08 IST" name="testInvalidEmailValidation" finished-at="2026-04-07T12:50:21 IST" duration-ms="13338" status="PASS">
          <reporter-output>
          </reporter-output>
        </test-method> <!-- testInvalidEmailValidation -->
        <test-method is-config="true" signature="tearDown()[pri:0, instance:midbrainacademy_test5.Scenario5@1623b78d]" started-at="2026-04-07T12:50:21 IST" name="tearDown" finished-at="2026-04-07T12:50:22 IST" duration-ms="387" status="PASS">
          <reporter-output>
          </reporter-output>
        </test-method> <!-- tearDown -->
        <test-method is-config="true" signature="setup()[pri:0, instance:midbrainacademy_test5.Scenario5@1623b78d]" started-at="2026-04-07T12:50:22 IST" name="setup" finished-at="2026-04-07T12:50:25 IST" duration-ms="3677" status="PASS">
          <reporter-output>
          </reporter-output>
        </test-method> <!-- setup -->
        <test-method signature="testInvalidPhoneValidation()[pri:3, instance:midbrainacademy_test5.Scenario5@1623b78d]" started-at="2026-04-07T12:50:25 IST" name="testInvalidPhoneValidation" finished-at="2026-04-07T12:50:39 IST" duration-ms="13514" status="PASS">
          <reporter-output>
          </reporter-output>
        </test-method> <!-- testInvalidPhoneValidation -->
        <test-method is-config="true" signature="tearDown()[pri:0, instance:midbrainacademy_test5.Scenario5@1623b78d]" started-at="2026-04-07T12:50:39 IST" name="tearDown" finished-at="2026-04-07T12:50:39 IST" duration-ms="384" status="PASS">
          <reporter-output>
          </reporter-output>
        </test-method> <!-- tearDown -->
      </class> <!-- midbrainacademy_test5.Scenario5 -->
    </test> <!-- Default test -->
  </suite> <!-- Default suite -->
</testng-results>
