<?xml version="1.0" encoding="UTF-8"?>
<!-- Generated by org.testng.reporters.JUnitReportReporter -->
<testsuite hostname="DESKTOP-742OOCL" failures="0" tests="3" name="midbrainacademy_test5.Scenario5" time="55.709" errors="0" timestamp="2026-04-07T12:50:39 IST" skipped="0">
  <testcase classname="midbrainacademy_test5.Scenario5" name="testEmptyFormValidation" time="15.989"/>
  <testcase classname="midbrainacademy_test5.Scenario5" name="testInvalidEmailValidation" time="20.158"/>
  <testcase classname="midbrainacademy_test5.Scenario5" name="testInvalidPhoneValidation" time="19.562"/>
</testsuite> <!-- midbrainacademy_test5.Scenario5 -->
